wear/build/intermediates/manifest_merge_blame_file/debug/processDebugMainManifest/manifest-merger-blame-debug-report.txt
1<?xml version="1.0" encoding="utf-8"?>
2<manifest xmlns:android="http://schemas.android.com/apk/res/android"
3    package="yelloelefant.companion"
4    android:versionCode="1"
5    android:versionName="1.0" >
6
7    <uses-sdk
8        android:minSdkVersion="30"
9        android:targetSdkVersion="34" />
10
11    <uses-feature android:name="android.hardware.type.watch" />
11-->src/main/AndroidManifest.xml:4:5-64
11-->src/main/AndroidManifest.xml:4:19-61
12
13    <!-- Health Services heart rate is a body sensor -> runtime permission -->
14    <uses-permission android:name="android.permission.BODY_SENSORS" />
14-->src/main/AndroidManifest.xml:7:5-71
14-->src/main/AndroidManifest.xml:7:22-68
15    <uses-permission android:name="android.permission.WAKE_LOCK" />
15-->src/main/AndroidManifest.xml:8:5-68
15-->src/main/AndroidManifest.xml:8:22-65
16
17    <queries>
17-->[androidx.health:health-services-client:1.0.0-rc02] AndroidManifest.xml:19:5-21:15
18        <package android:name="com.google.android.wearable.healthservices" />
18-->[androidx.health:health-services-client:1.0.0-rc02] AndroidManifest.xml:20:9-78
18-->[androidx.health:health-services-client:1.0.0-rc02] AndroidManifest.xml:20:18-75
19    </queries>
20
21    <permission
21-->[androidx.core:core:1.13.1] AndroidManifest.xml:22:5-24:47
22        android:name="yelloelefant.companion.DYNAMIC_RECEIVER_NOT_EXPORTED_PERMISSION"
22-->[androidx.core:core:1.13.1] AndroidManifest.xml:23:9-81
23        android:protectionLevel="signature" />
23-->[androidx.core:core:1.13.1] AndroidManifest.xml:24:9-44
24
25    <uses-permission android:name="yelloelefant.companion.DYNAMIC_RECEIVER_NOT_EXPORTED_PERMISSION" />
25-->[androidx.core:core:1.13.1] AndroidManifest.xml:26:5-97
25-->[androidx.core:core:1.13.1] AndroidManifest.xml:26:22-94
26
27    <application
27-->src/main/AndroidManifest.xml:10:5-40:19
28        android:allowBackup="true"
28-->src/main/AndroidManifest.xml:11:9-35
29        android:appComponentFactory="androidx.core.app.CoreComponentFactory"
29-->[androidx.core:core:1.13.1] AndroidManifest.xml:28:18-86
30        android:debuggable="true"
31        android:extractNativeLibs="false"
32        android:label="@string/app_name"
32-->src/main/AndroidManifest.xml:12:9-41
33        android:supportsRtl="true"
33-->src/main/AndroidManifest.xml:13:9-35
34        android:theme="@android:style/Theme.DeviceDefault" >
34-->src/main/AndroidManifest.xml:14:9-59
35        <uses-library
35-->src/main/AndroidManifest.xml:16:9-18:40
36            android:name="com.google.android.wearable"
36-->src/main/AndroidManifest.xml:17:13-55
37            android:required="false" />
37-->src/main/AndroidManifest.xml:18:13-37
38
39        <!--
40          false = this watch app is NOT standalone; it depends on the phone app.
41          That is exactly what we want for a companion pair, and it is a line
42          the marker may well ask about.
43        -->
44        <meta-data
44-->src/main/AndroidManifest.xml:25:9-27:37
45            android:name="com.google.android.wearable.standalone"
45-->src/main/AndroidManifest.xml:26:13-66
46            android:value="false" />
46-->src/main/AndroidManifest.xml:27:13-34
47
48        <activity
48-->src/main/AndroidManifest.xml:29:9-38:20
49            android:name="yelloelefant.companion.wear.MainActivity"
49-->src/main/AndroidManifest.xml:30:13-41
50            android:exported="true"
50-->src/main/AndroidManifest.xml:31:13-36
51            android:label="@string/app_name"
51-->src/main/AndroidManifest.xml:32:13-45
52            android:taskAffinity="" >
52-->src/main/AndroidManifest.xml:33:13-36
53            <intent-filter>
53-->src/main/AndroidManifest.xml:34:13-37:29
54                <action android:name="android.intent.action.MAIN" />
54-->src/main/AndroidManifest.xml:35:17-69
54-->src/main/AndroidManifest.xml:35:25-66
55
56                <category android:name="android.intent.category.LAUNCHER" />
56-->src/main/AndroidManifest.xml:36:17-77
56-->src/main/AndroidManifest.xml:36:27-74
57            </intent-filter>
58        </activity>
59
60        <uses-library
60-->[androidx.wear.compose:compose-foundation:1.4.0] AndroidManifest.xml:23:9-25:40
61            android:name="wear-sdk"
61-->[androidx.wear.compose:compose-foundation:1.4.0] AndroidManifest.xml:24:13-36
62            android:required="false" />
62-->[androidx.wear.compose:compose-foundation:1.4.0] AndroidManifest.xml:25:13-37
63
64        <activity
64-->[com.google.android.gms:play-services-base:18.5.0] AndroidManifest.xml:5:9-173
65            android:name="com.google.android.gms.common.api.GoogleApiActivity"
65-->[com.google.android.gms:play-services-base:18.5.0] AndroidManifest.xml:5:19-85
66            android:exported="false"
66-->[com.google.android.gms:play-services-base:18.5.0] AndroidManifest.xml:5:146-170
67            android:theme="@android:style/Theme.Translucent.NoTitleBar" />
67-->[com.google.android.gms:play-services-base:18.5.0] AndroidManifest.xml:5:86-145
68
69        <service
69-->[androidx.health:health-services-client:1.0.0-rc02] AndroidManifest.xml:24:9-31:19
70            android:name="androidx.health.services.client.VersionApiService"
70-->[androidx.health:health-services-client:1.0.0-rc02] AndroidManifest.xml:25:13-77
71            android:exported="true"
71-->[androidx.health:health-services-client:1.0.0-rc02] AndroidManifest.xml:26:13-36
72            android:permission="com.google.android.wearable.healthservices.permission.PASSIVE_DATA_BINDING" >
72-->[androidx.health:health-services-client:1.0.0-rc02] AndroidManifest.xml:27:13-108
73            <intent-filter>
73-->[androidx.health:health-services-client:1.0.0-rc02] AndroidManifest.xml:28:13-30:29
74                <action android:name="hs.versionclient.BIND" />
74-->[androidx.health:health-services-client:1.0.0-rc02] AndroidManifest.xml:29:17-64
74-->[androidx.health:health-services-client:1.0.0-rc02] AndroidManifest.xml:29:25-61
75            </intent-filter>
76        </service>
77
78        <activity
78-->[androidx.compose.ui:ui-tooling-android:1.7.4] AndroidManifest.xml:23:9-25:39
79            android:name="androidx.compose.ui.tooling.PreviewActivity"
79-->[androidx.compose.ui:ui-tooling-android:1.7.4] AndroidManifest.xml:24:13-71
80            android:exported="true" />
80-->[androidx.compose.ui:ui-tooling-android:1.7.4] AndroidManifest.xml:25:13-36
81
82        <provider
82-->[androidx.emoji2:emoji2:1.3.0] AndroidManifest.xml:24:9-32:20
83            android:name="androidx.startup.InitializationProvider"
83-->[androidx.emoji2:emoji2:1.3.0] AndroidManifest.xml:25:13-67
84            android:authorities="yelloelefant.companion.androidx-startup"
84-->[androidx.emoji2:emoji2:1.3.0] AndroidManifest.xml:26:13-68
85            android:exported="false" >
85-->[androidx.emoji2:emoji2:1.3.0] AndroidManifest.xml:27:13-37
86            <meta-data
86-->[androidx.emoji2:emoji2:1.3.0] AndroidManifest.xml:29:13-31:52
87                android:name="androidx.emoji2.text.EmojiCompatInitializer"
87-->[androidx.emoji2:emoji2:1.3.0] AndroidManifest.xml:30:17-75
88                android:value="androidx.startup" />
88-->[androidx.emoji2:emoji2:1.3.0] AndroidManifest.xml:31:17-49
89            <meta-data
89-->[androidx.lifecycle:lifecycle-process:2.8.7] AndroidManifest.xml:29:13-31:52
90                android:name="androidx.lifecycle.ProcessLifecycleInitializer"
90-->[androidx.lifecycle:lifecycle-process:2.8.7] AndroidManifest.xml:30:17-78
91                android:value="androidx.startup" />
91-->[androidx.lifecycle:lifecycle-process:2.8.7] AndroidManifest.xml:31:17-49
92            <meta-data
92-->[androidx.profileinstaller:profileinstaller:1.3.1] AndroidManifest.xml:29:13-31:52
93                android:name="androidx.profileinstaller.ProfileInstallerInitializer"
93-->[androidx.profileinstaller:profileinstaller:1.3.1] AndroidManifest.xml:30:17-85
94                android:value="androidx.startup" />
94-->[androidx.profileinstaller:profileinstaller:1.3.1] AndroidManifest.xml:31:17-49
95        </provider>
96
97        <meta-data
97-->[com.google.android.gms:play-services-basement:18.4.0] AndroidManifest.xml:6:9-122
98            android:name="com.google.android.gms.version"
98-->[com.google.android.gms:play-services-basement:18.4.0] AndroidManifest.xml:6:20-65
99            android:value="@integer/google_play_services_version" />
99-->[com.google.android.gms:play-services-basement:18.4.0] AndroidManifest.xml:6:66-119
100
101        <receiver
101-->[androidx.profileinstaller:profileinstaller:1.3.1] AndroidManifest.xml:34:9-52:20
102            android:name="androidx.profileinstaller.ProfileInstallReceiver"
102-->[androidx.profileinstaller:profileinstaller:1.3.1] AndroidManifest.xml:35:13-76
103            android:directBootAware="false"
103-->[androidx.profileinstaller:profileinstaller:1.3.1] AndroidManifest.xml:36:13-44
104            android:enabled="true"
104-->[androidx.profileinstaller:profileinstaller:1.3.1] AndroidManifest.xml:37:13-35
105            android:exported="true"
105-->[androidx.profileinstaller:profileinstaller:1.3.1] AndroidManifest.xml:38:13-36
106            android:permission="android.permission.DUMP" >
106-->[androidx.profileinstaller:profileinstaller:1.3.1] AndroidManifest.xml:39:13-57
107            <intent-filter>
107-->[androidx.profileinstaller:profileinstaller:1.3.1] AndroidManifest.xml:40:13-42:29
108                <action android:name="androidx.profileinstaller.action.INSTALL_PROFILE" />
108-->[androidx.profileinstaller:profileinstaller:1.3.1] AndroidManifest.xml:41:17-91
108-->[androidx.profileinstaller:profileinstaller:1.3.1] AndroidManifest.xml:41:25-88
109            </intent-filter>
110            <intent-filter>
110-->[androidx.profileinstaller:profileinstaller:1.3.1] AndroidManifest.xml:43:13-45:29
111                <action android:name="androidx.profileinstaller.action.SKIP_FILE" />
111-->[androidx.profileinstaller:profileinstaller:1.3.1] AndroidManifest.xml:44:17-85
111-->[androidx.profileinstaller:profileinstaller:1.3.1] AndroidManifest.xml:44:25-82
112            </intent-filter>
113            <intent-filter>
113-->[androidx.profileinstaller:profileinstaller:1.3.1] AndroidManifest.xml:46:13-48:29
114                <action android:name="androidx.profileinstaller.action.SAVE_PROFILE" />
114-->[androidx.profileinstaller:profileinstaller:1.3.1] AndroidManifest.xml:47:17-88
114-->[androidx.profileinstaller:profileinstaller:1.3.1] AndroidManifest.xml:47:25-85
115            </intent-filter>
116            <intent-filter>
116-->[androidx.profileinstaller:profileinstaller:1.3.1] AndroidManifest.xml:49:13-51:29
117                <action android:name="androidx.profileinstaller.action.BENCHMARK_OPERATION" />
117-->[androidx.profileinstaller:profileinstaller:1.3.1] AndroidManifest.xml:50:17-95
117-->[androidx.profileinstaller:profileinstaller:1.3.1] AndroidManifest.xml:50:25-92
118            </intent-filter>
119        </receiver>
120    </application>
121
122</manifest>